Build started 26.05.2018 15:40:20.
     1>Project "C:\Users\Canan\Desktop\goruntuisleme_2bkonvolusyon\conv\conv\conv.vcxproj" on node 2 (Build target(s)).
     1>ClCompile:
         C:\Program Files (x86)\Microsoft Visual Studio 14.0\VC\bin\x86_amd64\CL.exe /c /ZI /nologo /W3 /WX- /sdl /Od /D "_CRT_SECURE_NO_WARNINGS" /Gm /EHsc /RTC1 /MDd /GS /fp:precise /Zc:wchar_t /Zc:forScope /Zc:inline /Fo"x64\Debug\\" /Fd"x64\Debug\vc140.pdb" /Gd /TP /errorReport:prompt main.cpp
         main.cpp
     1>c:\users\canan\desktop\goruntuisleme_2bkonvolusyon\conv\conv\main.cpp(62): warning C4244: '=': conversion from 'int' to 'float', possible loss of data
     1>c:\users\canan\desktop\goruntuisleme_2bkonvolusyon\conv\conv\main.cpp(63): warning C4244: '=': conversion from 'int' to 'float', possible loss of data
     1>c:\users\canan\desktop\goruntuisleme_2bkonvolusyon\conv\conv\main.cpp(64): warning C4244: 'argument': conversion from 'float' to 'int', possible loss of data
     1>c:\users\canan\desktop\goruntuisleme_2bkonvolusyon\conv\conv\main.cpp(69): warning C4244: '=': conversion from 'float' to 'uchar', possible loss of data
     1>c:\users\canan\desktop\goruntuisleme_2bkonvolusyon\conv\conv\main.cpp(83): warning C4244: '=': conversion from 'int' to 'float', possible loss of data
     1>c:\users\canan\desktop\goruntuisleme_2bkonvolusyon\conv\conv\main.cpp(84): warning C4244: '=': conversion from 'int' to 'float', possible loss of data
     1>c:\users\canan\desktop\goruntuisleme_2bkonvolusyon\conv\conv\main.cpp(85): warning C4244: 'argument': conversion from 'float' to 'int', possible loss of data
     1>c:\users\canan\desktop\goruntuisleme_2bkonvolusyon\conv\conv\main.cpp(90): warning C4244: '=': conversion from 'float' to 'uchar', possible loss of data
     1>c:\users\canan\desktop\goruntuisleme_2bkonvolusyon\conv\conv\main.cpp(117): warning C4244: '=': conversion from 'double' to 'uchar', possible loss of data
     1>c:\users\canan\desktop\goruntuisleme_2bkonvolusyon\conv\conv\main.cpp(126): warning C4838: conversion from 'double' to 'float' requires a narrowing conversion
     1>c:\users\canan\desktop\goruntuisleme_2bkonvolusyon\conv\conv\main.cpp(126): warning C4305: 'initializing': truncation from 'double' to 'float'
       Link:
         C:\Program Files (x86)\Microsoft Visual Studio 14.0\VC\bin\x86_amd64\link.exe /ERRORREPORT:PROMPT /OUT:"C:\Users\Canan\Desktop\goruntuisleme_2bkonvolusyon\conv\x64\Debug\conv.exe" /INCREMENTAL /NOLOGO opencv_world310d.lib kernel32.lib user32.lib gdi32.lib winspool.lib comdlg32.lib advapi32.lib shell32.lib ole32.lib oleaut32.lib uuid.lib odbc32.lib odbccp32.lib /MANIFEST /MANIFESTUAC:"level='asInvoker' uiAccess='false'" /manifest:embed /Debug /PDB:"C:\Users\Canan\Desktop\goruntuisleme_2bkonvolusyon\conv\x64\Debug\conv.pdb" /TLBID:1 /DYNAMICBASE /NXCOMPAT /IMPLIB:"C:\Users\Canan\Desktop\goruntuisleme_2bkonvolusyon\conv\x64\Debug\conv.lib" /MACHINE:X64 x64\Debug\main.obj
         conv.vcxproj -> C:\Users\Canan\Desktop\goruntuisleme_2bkonvolusyon\conv\x64\Debug\conv.exe
     1>Done Building Project "C:\Users\Canan\Desktop\goruntuisleme_2bkonvolusyon\conv\conv\conv.vcxproj" (Build target(s)).

Build succeeded.

Time Elapsed 00:00:05.01
